auto.sh: line 2: [: : integer expression expected
mkdir: cannot create directory ‘ReputationData_1.0.0.20151203’: File exists
 
updating: ReputationData_1.0.0.20151203/ (stored 0%)
updating: ReputationData_1.0.0.20151203/idp/ (stored 0%)
updating: ReputationData_1.0.0.20151203/idp/p2p.rules (deflated 82%)
updating: ReputationData_1.0.0.20151203/idp/worm.rules (deflated 75%)
updating: ReputationData_1.0.0.20151203/idp/sql.rules (deflated 93%)
updating: ReputationData_1.0.0.20151203/idp/dos.rules (deflated 83%)
updating: ReputationData_1.0.0.20151203/idp/tor.rules (deflated 86%)
updating: ReputationData_1.0.0.20151203/idp/inappropriate.rules (deflated 78%)
updating: ReputationData_1.0.0.20151203/idp/sid-msg.map (deflated 80%)
updating: ReputationData_1.0.0.20151203/idp/botcc.rules (deflated 83%)
updating: ReputationData_1.0.0.20151203/idp/unicode.map (deflated 91%)
updating: ReputationData_1.0.0.20151203/idp/stream-events.rules (deflated 82%)
updating: ReputationData_1.0.0.20151203/idp/gen-msg.map (deflated 73%)
updating: ReputationData_1.0.0.20151203/idp/files.rules (deflated 70%)
updating: ReputationData_1.0.0.20151203/idp/rbn.rules (deflated 50%)
updating: ReputationData_1.0.0.20151203/idp/snmp.rules (deflated 80%)
updating: ReputationData_1.0.0.20151203/idp/ciarmy.rules (deflated 79%)
updating: ReputationData_1.0.0.20151203/idp/ETPRO-License.txt (deflated 67%)
updating: ReputationData_1.0.0.20151203/idp/reference.config (deflated 67%)
updating: ReputationData_1.0.0.20151203/idp/misc.rules (deflated 76%)
updating: ReputationData_1.0.0.20151203/idp/rbn-malvertisers.rules (deflated 50%)
updating: ReputationData_1.0.0.20151203/idp/http-events.rules (deflated 84%)
updating: ReputationData_1.0.0.20151203/idp/shellcode.rules (deflated 86%)
updating: ReputationData_1.0.0.20151203/idp/policy.rules (deflated 85%)
updating: ReputationData_1.0.0.20151203/idp/netbios.rules (deflated 94%)
updating: ReputationData_1.0.0.20151203/idp/web_server.rules (deflated 84%)
updating: ReputationData_1.0.0.20151203/idp/malware.rules (deflated 85%)
updating: ReputationData_1.0.0.20151203/idp/suricata-etpro.txt (stored 0%)
updating: ReputationData_1.0.0.20151203/idp/mobile_malware.rules (deflated 84%)
updating: ReputationData_1.0.0.20151203/idp/icmp_info.rules (deflated 81%)
updating: ReputationData_1.0.0.20151203/idp/current_events.rules (deflated 85%)
updating: ReputationData_1.0.0.20151203/idp/dshield.rules (deflated 49%)
updating: ReputationData_1.0.0.20151203/idp/web_client.rules (deflated 84%)
updating: ReputationData_1.0.0.20151203/idp/rpc.rules (deflated 90%)
updating: ReputationData_1.0.0.20151203/idp/suricata-1.2-prior-etpro.yaml (deflated 67%)
updating: ReputationData_1.0.0.20151203/idp/voip.rules (deflated 71%)
updating: ReputationData_1.0.0.20151203/idp/drop.rules (deflated 78%)
updating: ReputationData_1.0.0.20151203/idp/trojan.rules (deflated 83%)
updating: ReputationData_1.0.0.20151203/idp/scan.rules (deflated 81%)
updating: ReputationData_1.0.0.20151203/idp/attack_response.rules (deflated 85%)
updating: ReputationData_1.0.0.20151203/idp/games.rules (deflated 84%)
updating: ReputationData_1.0.0.20151203/idp/scada_special.rules (deflated 84%)
updating: ReputationData_1.0.0.20151203/idp/tftp.rules (deflated 71%)
updating: ReputationData_1.0.0.20151203/idp/pop3.rules (deflated 75%)
updating: ReputationData_1.0.0.20151203/idp/scada.rules (deflated 86%)
updating: ReputationData_1.0.0.20151203/idp/chat.rules (deflated 84%)
updating: ReputationData_1.0.0.20151203/idp/imap.rules (deflated 81%)
updating: ReputationData_1.0.0.20151203/idp/deleted.rules (deflated 84%)
updating: ReputationData_1.0.0.20151203/idp/exploit.rules (deflated 84%)
updating: ReputationData_1.0.0.20151203/idp/activex.rules (deflated 86%)
updating: ReputationData_1.0.0.20151203/idp/ftp.rules (deflated 83%)
updating: ReputationData_1.0.0.20151203/idp/gpl-2.0.txt (deflated 62%)
updating: ReputationData_1.0.0.20151203/idp/smtp.rules (deflated 73%)
updating: ReputationData_1.0.0.20151203/idp/telnet.rules (deflated 63%)
updating: ReputationData_1.0.0.20151203/idp/dns.rules (deflated 82%)
updating: ReputationData_1.0.0.20151203/idp/BSD-License.txt (deflated 52%)
updating: ReputationData_1.0.0.20151203/idp/classification.config (deflated 70%)
updating: ReputationData_1.0.0.20151203/idp/info.rules (deflated 84%)
updating: ReputationData_1.0.0.20151203/idp/user_agents.rules (deflated 81%)
updating: ReputationData_1.0.0.20151203/idp/smtp-events.rules (deflated 75%)
updating: ReputationData_1.0.0.20151203/idp/decoder-events.rules (deflated 84%)
updating: ReputationData_1.0.0.20151203/idp/botcc.portgrouped.rules (deflated 80%)
updating: ReputationData_1.0.0.20151203/idp/compromised.rules (deflated 72%)
updating: ReputationData_1.0.0.20151203/idp/version.txt (stored 0%)
updating: ReputationData_1.0.0.20151203/idp/tls-events.rules (deflated 78%)
updating: ReputationData_1.0.0.20151203/idp/icmp.rules (deflated 77%)
updating: ReputationData_1.0.0.20151203/idp/web_specific_apps.rules (deflated 93%)
updating: ReputationData_1.0.0.20151203/idp/etpro.conf (deflated 71%)
updating: ReputationData_1.0.0.20151203/idp/compromised-ips.txt (deflated 64%)
updating: ReputationData_1.0.0.20151203/domain/ (stored 0%)
updating: ReputationData_1.0.0.20151203/domain/ip.sys (deflated 72%)
updating: ReputationData_1.0.0.20151203/domain/dm.sys (deflated 92%)
updating: ReputationData_1.0.0.20151203/install.sh (deflated 72%)
updating: ReputationData_1.0.0.20151203/version.txt (deflated 41%)
find new rep pattern, start downloading...
convert the new rep pattern...
Send Success !
####rep pattern is updated, current version[20151207]. You can find the package from [/polylab/updatepack/test/MAKE/ReputationData/dst]!
 
updating: ReputationData_1.0.0.20151207/ (stored 0%)
updating: ReputationData_1.0.0.20151207/idp/ (stored 0%)
updating: ReputationData_1.0.0.20151207/idp/p2p.rules (deflated 82%)
updating: ReputationData_1.0.0.20151207/idp/worm.rules (deflated 75%)
updating: ReputationData_1.0.0.20151207/idp/sql.rules (deflated 93%)
updating: ReputationData_1.0.0.20151207/idp/dos.rules (deflated 83%)
updating: ReputationData_1.0.0.20151207/idp/tor.rules (deflated 86%)
updating: ReputationData_1.0.0.20151207/idp/inappropriate.rules (deflated 78%)
updating: ReputationData_1.0.0.20151207/idp/sid-msg.map (deflated 80%)
updating: ReputationData_1.0.0.20151207/idp/botcc.rules (deflated 83%)
updating: ReputationData_1.0.0.20151207/idp/unicode.map (deflated 91%)
updating: ReputationData_1.0.0.20151207/idp/stream-events.rules (deflated 82%)
updating: ReputationData_1.0.0.20151207/idp/gen-msg.map (deflated 73%)
updating: ReputationData_1.0.0.20151207/idp/files.rules (deflated 70%)
updating: ReputationData_1.0.0.20151207/idp/rbn.rules (deflated 50%)
updating: ReputationData_1.0.0.20151207/idp/snmp.rules (deflated 80%)
updating: ReputationData_1.0.0.20151207/idp/ciarmy.rules (deflated 79%)
updating: ReputationData_1.0.0.20151207/idp/ETPRO-License.txt (deflated 67%)
updating: ReputationData_1.0.0.20151207/idp/reference.config (deflated 67%)
updating: ReputationData_1.0.0.20151207/idp/misc.rules (deflated 76%)
updating: ReputationData_1.0.0.20151207/idp/rbn-malvertisers.rules (deflated 50%)
updating: ReputationData_1.0.0.20151207/idp/http-events.rules (deflated 84%)
updating: ReputationData_1.0.0.20151207/idp/shellcode.rules (deflated 86%)
updating: ReputationData_1.0.0.20151207/idp/policy.rules (deflated 84%)
updating: ReputationData_1.0.0.20151207/idp/netbios.rules (deflated 94%)
updating: ReputationData_1.0.0.20151207/idp/web_server.rules (deflated 84%)
updating: ReputationData_1.0.0.20151207/idp/malware.rules (deflated 85%)
updating: ReputationData_1.0.0.20151207/idp/suricata-etpro.txt (stored 0%)
updating: ReputationData_1.0.0.20151207/idp/mobile_malware.rules (deflated 84%)
updating: ReputationData_1.0.0.20151207/idp/icmp_info.rules (deflated 81%)
updating: ReputationData_1.0.0.20151207/idp/current_events.rules (deflated 85%)
updating: ReputationData_1.0.0.20151207/idp/dshield.rules (deflated 49%)
updating: ReputationData_1.0.0.20151207/idp/web_client.rules (deflated 84%)
updating: ReputationData_1.0.0.20151207/idp/rpc.rules (deflated 90%)
updating: ReputationData_1.0.0.20151207/idp/suricata-1.2-prior-etpro.yaml (deflated 67%)
updating: ReputationData_1.0.0.20151207/idp/voip.rules (deflated 71%)
updating: ReputationData_1.0.0.20151207/idp/drop.rules (deflated 78%)
updating: ReputationData_1.0.0.20151207/idp/trojan.rules (deflated 83%)
updating: ReputationData_1.0.0.20151207/idp/scan.rules (deflated 81%)
updating: ReputationData_1.0.0.20151207/idp/attack_response.rules (deflated 85%)
updating: ReputationData_1.0.0.20151207/idp/games.rules (deflated 84%)
updating: ReputationData_1.0.0.20151207/idp/scada_special.rules (deflated 84%)
updating: ReputationData_1.0.0.20151207/idp/tftp.rules (deflated 71%)
updating: ReputationData_1.0.0.20151207/idp/pop3.rules (deflated 75%)
updating: ReputationData_1.0.0.20151207/idp/scada.rules (deflated 86%)
updating: ReputationData_1.0.0.20151207/idp/chat.rules (deflated 84%)
updating: ReputationData_1.0.0.20151207/idp/imap.rules (deflated 81%)
updating: ReputationData_1.0.0.20151207/idp/deleted.rules (deflated 84%)
updating: ReputationData_1.0.0.20151207/idp/exploit.rules (deflated 84%)
updating: ReputationData_1.0.0.20151207/idp/activex.rules (deflated 86%)
updating: ReputationData_1.0.0.20151207/idp/ftp.rules (deflated 83%)
updating: ReputationData_1.0.0.20151207/idp/gpl-2.0.txt (deflated 62%)
updating: ReputationData_1.0.0.20151207/idp/smtp.rules (deflated 73%)
updating: ReputationData_1.0.0.20151207/idp/telnet.rules (deflated 63%)
updating: ReputationData_1.0.0.20151207/idp/dns.rules (deflated 82%)
updating: ReputationData_1.0.0.20151207/idp/BSD-License.txt (deflated 52%)
updating: ReputationData_1.0.0.20151207/idp/classification.config (deflated 70%)
updating: ReputationData_1.0.0.20151207/idp/info.rules (deflated 84%)
updating: ReputationData_1.0.0.20151207/idp/user_agents.rules (deflated 81%)
updating: ReputationData_1.0.0.20151207/idp/smtp-events.rules (deflated 75%)
updating: ReputationData_1.0.0.20151207/idp/decoder-events.rules (deflated 84%)
updating: ReputationData_1.0.0.20151207/idp/botcc.portgrouped.rules (deflated 81%)
updating: ReputationData_1.0.0.20151207/idp/compromised.rules (deflated 72%)
updating: ReputationData_1.0.0.20151207/idp/version.txt (stored 0%)
updating: ReputationData_1.0.0.20151207/idp/tls-events.rules (deflated 78%)
updating: ReputationData_1.0.0.20151207/idp/rules.log (deflated 79%)
updating: ReputationData_1.0.0.20151207/idp/icmp.rules (deflated 77%)
updating: ReputationData_1.0.0.20151207/idp/web_specific_apps.rules (deflated 93%)
updating: ReputationData_1.0.0.20151207/idp/etpro.conf (deflated 71%)
updating: ReputationData_1.0.0.20151207/idp/compromised-ips.txt (deflated 64%)
updating: ReputationData_1.0.0.20151207/info.json (deflated 41%)
updating: ReputationData_1.0.0.20151207/domain/ (stored 0%)
updating: ReputationData_1.0.0.20151207/domain/ip.sys (deflated 72%)
updating: ReputationData_1.0.0.20151207/domain/dm.sys (deflated 80%)
updating: ReputationData_1.0.0.20151207/install.sh (deflated 53%)
updating: ReputationData_1.0.0.20151207/version.txt (stored 0%)
find new rep pattern, start downloading...
convert the new rep pattern...
scp: /root/scrapy/url360/result/crawlall20151208.sys: No such file or directory
cat: ../result/crawlall20151208.sys: No such file or directory
cat: ../result/crawlall20151208.sys: No such file or directory
Send Success !
####rep pattern is updated, current version[20151208]. You can find the package from [/polylab/updatepack/test/MAKE/ReputationData/dst]!
 
  adding: ReputationData_1.0.0.20151208/ (stored 0%)
  adding: ReputationData_1.0.0.20151208/idp/ (stored 0%)
  adding: ReputationData_1.0.0.20151208/idp/p2p.rules (deflated 82%)
  adding: ReputationData_1.0.0.20151208/idp/worm.rules (deflated 75%)
  adding: ReputationData_1.0.0.20151208/idp/sql.rules (deflated 93%)
  adding: ReputationData_1.0.0.20151208/idp/dos.rules (deflated 83%)
  adding: ReputationData_1.0.0.20151208/idp/tor.rules (deflated 86%)
  adding: ReputationData_1.0.0.20151208/idp/inappropriate.rules (deflated 78%)
  adding: ReputationData_1.0.0.20151208/idp/sid-msg.map (deflated 80%)
  adding: ReputationData_1.0.0.20151208/idp/botcc.rules (deflated 83%)
  adding: ReputationData_1.0.0.20151208/idp/unicode.map (deflated 91%)
  adding: ReputationData_1.0.0.20151208/idp/stream-events.rules (deflated 82%)
  adding: ReputationData_1.0.0.20151208/idp/gen-msg.map (deflated 73%)
  adding: ReputationData_1.0.0.20151208/idp/files.rules (deflated 70%)
  adding: ReputationData_1.0.0.20151208/idp/rbn.rules (deflated 50%)
  adding: ReputationData_1.0.0.20151208/idp/snmp.rules (deflated 80%)
  adding: ReputationData_1.0.0.20151208/idp/ciarmy.rules (deflated 79%)
  adding: ReputationData_1.0.0.20151208/idp/ETPRO-License.txt (deflated 67%)
  adding: ReputationData_1.0.0.20151208/idp/reference.config (deflated 67%)
  adding: ReputationData_1.0.0.20151208/idp/misc.rules (deflated 76%)
  adding: ReputationData_1.0.0.20151208/idp/rbn-malvertisers.rules (deflated 50%)
  adding: ReputationData_1.0.0.20151208/idp/http-events.rules (deflated 84%)
  adding: ReputationData_1.0.0.20151208/idp/shellcode.rules (deflated 86%)
  adding: ReputationData_1.0.0.20151208/idp/policy.rules (deflated 84%)
  adding: ReputationData_1.0.0.20151208/idp/netbios.rules (deflated 94%)
  adding: ReputationData_1.0.0.20151208/idp/web_server.rules (deflated 84%)
  adding: ReputationData_1.0.0.20151208/idp/malware.rules (deflated 85%)
  adding: ReputationData_1.0.0.20151208/idp/suricata-etpro.txt (stored 0%)
  adding: ReputationData_1.0.0.20151208/idp/mobile_malware.rules (deflated 84%)
  adding: ReputationData_1.0.0.20151208/idp/icmp_info.rules (deflated 81%)
  adding: ReputationData_1.0.0.20151208/idp/current_events.rules (deflated 85%)
  adding: ReputationData_1.0.0.20151208/idp/dshield.rules (deflated 49%)
  adding: ReputationData_1.0.0.20151208/idp/web_client.rules (deflated 84%)
  adding: ReputationData_1.0.0.20151208/idp/rpc.rules (deflated 90%)
  adding: ReputationData_1.0.0.20151208/idp/suricata-1.2-prior-etpro.yaml (deflated 67%)
  adding: ReputationData_1.0.0.20151208/idp/voip.rules (deflated 71%)
  adding: ReputationData_1.0.0.20151208/idp/drop.rules (deflated 78%)
  adding: ReputationData_1.0.0.20151208/idp/trojan.rules (deflated 83%)
  adding: ReputationData_1.0.0.20151208/idp/scan.rules (deflated 81%)
  adding: ReputationData_1.0.0.20151208/idp/attack_response.rules (deflated 85%)
  adding: ReputationData_1.0.0.20151208/idp/games.rules (deflated 84%)
  adding: ReputationData_1.0.0.20151208/idp/scada_special.rules (deflated 84%)
  adding: ReputationData_1.0.0.20151208/idp/tftp.rules (deflated 71%)
  adding: ReputationData_1.0.0.20151208/idp/pop3.rules (deflated 75%)
  adding: ReputationData_1.0.0.20151208/idp/scada.rules (deflated 86%)
  adding: ReputationData_1.0.0.20151208/idp/chat.rules (deflated 84%)
  adding: ReputationData_1.0.0.20151208/idp/imap.rules (deflated 81%)
  adding: ReputationData_1.0.0.20151208/idp/deleted.rules (deflated 84%)
  adding: ReputationData_1.0.0.20151208/idp/exploit.rules (deflated 84%)
  adding: ReputationData_1.0.0.20151208/idp/activex.rules (deflated 86%)
  adding: ReputationData_1.0.0.20151208/idp/ftp.rules (deflated 83%)
  adding: ReputationData_1.0.0.20151208/idp/gpl-2.0.txt (deflated 62%)
  adding: ReputationData_1.0.0.20151208/idp/smtp.rules (deflated 73%)
  adding: ReputationData_1.0.0.20151208/idp/telnet.rules (deflated 63%)
  adding: ReputationData_1.0.0.20151208/idp/dns.rules (deflated 82%)
  adding: ReputationData_1.0.0.20151208/idp/BSD-License.txt (deflated 52%)
  adding: ReputationData_1.0.0.20151208/idp/classification.config (deflated 70%)
  adding: ReputationData_1.0.0.20151208/idp/info.rules (deflated 84%)
  adding: ReputationData_1.0.0.20151208/idp/user_agents.rules (deflated 81%)
  adding: ReputationData_1.0.0.20151208/idp/smtp-events.rules (deflated 75%)
  adding: ReputationData_1.0.0.20151208/idp/decoder-events.rules (deflated 84%)
  adding: ReputationData_1.0.0.20151208/idp/botcc.portgrouped.rules (deflated 81%)
  adding: ReputationData_1.0.0.20151208/idp/compromised.rules (deflated 72%)
  adding: ReputationData_1.0.0.20151208/idp/version.txt (stored 0%)
  adding: ReputationData_1.0.0.20151208/idp/tls-events.rules (deflated 78%)
  adding: ReputationData_1.0.0.20151208/idp/rules.log (deflated 79%)
  adding: ReputationData_1.0.0.20151208/idp/icmp.rules (deflated 77%)
  adding: ReputationData_1.0.0.20151208/idp/web_specific_apps.rules (deflated 93%)
  adding: ReputationData_1.0.0.20151208/idp/etpro.conf (deflated 71%)
  adding: ReputationData_1.0.0.20151208/idp/compromised-ips.txt (deflated 64%)
  adding: ReputationData_1.0.0.20151208/info.json (deflated 41%)
  adding: ReputationData_1.0.0.20151208/domain/ (stored 0%)
  adding: ReputationData_1.0.0.20151208/domain/ip.sys (deflated 72%)
  adding: ReputationData_1.0.0.20151208/domain/dm.sys (deflated 56%)
  adding: ReputationData_1.0.0.20151208/install.sh (deflated 53%)
  adding: ReputationData_1.0.0.20151208/version.txt (stored 0%)
